<?xml version="1.0" encoding="UTF-8"?>
<!-- Generated by org.testng.reporters.JUnitReportReporter -->
<testsuite hostname="TISLAP21" failures="0" tests="13" name="com.pracportal.test.ForgetPasswordflow" time="100.428" errors="1" timestamp="2021-08-05T12:47:24 IST" skipped="0">
  <testcase classname="com.pracportal.test.ForgetPasswordflow" name="seleniumGridSetup" time="2.480"/>
  <system-out/>
  <testcase classname="com.pracportal.test.ForgetPasswordflow" name="forgetpassword" time="11.298"/>
  <system-out/>
  <testcase classname="com.pracportal.test.ForgetPasswordflow" name="setup" time="8.090">
    <error message="session not created: This version of ChromeDriver only supports Chrome version 90
Current browser version is 92.0.4515.131 with binary path C:\Program Files (x86)\Google\Chrome\Application\chrome.exe
Build info: version: &#039;3.14.0&#039;, revision: &#039;aacccce0&#039;, time: &#039;2018-08-02T20:19:58.91Z&#039;
System info: host: &#039;TISLAP21&#039;, ip: &#039;10.0.0.18&#039;, os.name: &#039;Windows 10&#039;, os.arch: &#039;amd64&#039;, os.version: &#039;10.0&#039;, java.version: &#039;15.0.2&#039;
Driver info: driver.version: ChromeDriver
remote stacktrace: Backtrace:
	Ordinal0 [0x00A6C013+2474003]
	Ordinal0 [0x00A029C1+2042305]
	Ordinal0 [0x00912F68+1060712]
	Ordinal0 [0x0093188E+1185934]
	Ordinal0 [0x0092D600+1168896]
	Ordinal0 [0x0092AA83+1157763]
	Ordinal0 [0x0095A2A2+1352354]
	Ordinal0 [0x00958FAA+1347498]
	Ordinal0 [0x009566DB+1337051]
	Ordinal0 [0x00933427+1192999]
	Ordinal0 [0x009342EE+1196782]
	Ordinal0 [0x00934279+1196665]
	GetHandleVerifier [0x00BF96FC+1590332]
	GetHandleVerifier [0x00CA8614+2306900]
	GetHandleVerifier [0x00AF9E93+543699]
	GetHandleVerifier [0x00AF92CE+540686]
	Ordinal0 [0x00A086BA+2066106]
	Ordinal0 [0x00A0D1C8+2085320]
	Ordinal0 [0x00A0D308+2085640]
	Ordinal0 [0x00A167F3+2123763]
	BaseThreadInitThunk [0x76CCFA29+25]
	RtlGetAppContainerNamedObjectPath [0x77437A7E+286]
	RtlGetAppContainerNamedObjectPath [0x77437A4E+238]
" type="org.openqa.selenium.SessionNotCreatedException">
      <![CDATA[org.openqa.selenium.SessionNotCreatedException: session not created: This version of ChromeDriver only supports Chrome version 90
Current browser version is 92.0.4515.131 with binary path C:\Program Files (x86)\Google\Chrome\Application\chrome.exe
Build info: version: '3.14.0', revision: 'aacccce0', time: '2018-08-02T20:19:58.91Z'
System info: host: 'TISLAP21', ip: '10.0.0.18', os.name: 'Windows 10', os.arch: 'amd64', os.version: '10.0', java.version: '15.0.2'
Driver info: driver.version: ChromeDriver
remote stacktrace: Backtrace:
Ordinal0 [0x00A6C013+2474003]
Ordinal0 [0x00A029C1+2042305]
Ordinal0 [0x00912F68+1060712]
Ordinal0 [0x0093188E+1185934]
Ordinal0 [0x0092D600+1168896]
Ordinal0 [0x0092AA83+1157763]
Ordinal0 [0x0095A2A2+1352354]
Ordinal0 [0x00958FAA+1347498]
Ordinal0 [0x009566DB+1337051]
Ordinal0 [0x00933427+1192999]
Ordinal0 [0x009342EE+1196782]
Ordinal0 [0x00934279+1196665]
GetHandleVerifier [0x00BF96FC+1590332]
GetHandleVerifier [0x00CA8614+2306900]
GetHandleVerifier [0x00AF9E93+543699]
GetHandleVerifier [0x00AF92CE+540686]
Ordinal0 [0x00A086BA+2066106]
Ordinal0 [0x00A0D1C8+2085320]
Ordinal0 [0x00A0D308+2085640]
Ordinal0 [0x00A167F3+2123763]
BaseThreadInitThunk [0x76CCFA29+25]
RtlGetAppContainerNamedObjectPath [0x77437A7E+286]
RtlGetAppContainerNamedObjectPath [0x77437A4E+238]

at java.base/jdk.internal.reflect.NativeConstructorAccessorImpl.newInstance0(Native Method)
at java.base/jdk.internal.reflect.NativeConstructorAccessorImpl.newInstance(NativeConstructorAccessorImpl.java:64)
at java.base/jdk.internal.reflect.DelegatingConstructorAccessorImpl.newInstance(DelegatingConstructorAccessorImpl.java:45)
at java.base/java.lang.reflect.Constructor.newInstanceWithCaller(Constructor.java:500)
at java.base/java.lang.reflect.Constructor.newInstance(Constructor.java:481)
at org.openqa.selenium.remote.W3CHandshakeResponse.lambda$new$0(W3CHandshakeResponse.java:57)
at org.openqa.selenium.remote.W3CHandshakeResponse.lambda$getResponseFunction$2(W3CHandshakeResponse.java:104)
at org.openqa.selenium.remote.ProtocolHandshake.lambda$createSession$0(ProtocolHandshake.java:122)
at java.base/java.util.stream.ReferencePipeline$3$1.accept(ReferencePipeline.java:195)
at java.base/java.util.Spliterators$ArraySpliterator.tryAdvance(Spliterators.java:958)
at java.base/java.util.stream.ReferencePipeline.forEachWithCancel(ReferencePipeline.java:127)
at java.base/java.util.stream.AbstractPipeline.copyIntoWithCancel(AbstractPipeline.java:502)
at java.base/java.util.stream.AbstractPipeline.copyInto(AbstractPipeline.java:488)
at java.base/java.util.stream.AbstractPipeline.wrapAndCopyInto(AbstractPipeline.java:474)
at java.base/java.util.stream.FindOps$FindOp.evaluateSequential(FindOps.java:150)
at java.base/java.util.stream.AbstractPipeline.evaluate(AbstractPipeline.java:234)
at java.base/java.util.stream.ReferencePipeline.findFirst(ReferencePipeline.java:543)
at org.openqa.selenium.remote.ProtocolHandshake.createSession(ProtocolHandshake.java:125)
at org.openqa.selenium.remote.ProtocolHandshake.createSession(ProtocolHandshake.java:73)
at org.openqa.selenium.remote.HttpCommandExecutor.execute(HttpCommandExecutor.java:136)
at org.openqa.selenium.remote.service.DriverCommandExecutor.execute(DriverCommandExecutor.java:83)
at org.openqa.selenium.remote.RemoteWebDriver.execute(RemoteWebDriver.java:548)
at org.openqa.selenium.remote.RemoteWebDriver.startSession(RemoteWebDriver.java:212)
at org.openqa.selenium.remote.RemoteWebDriver.<init>(RemoteWebDriver.java:130)
at org.openqa.selenium.chrome.ChromeDriver.<init>(ChromeDriver.java:181)
at org.openqa.selenium.chrome.ChromeDriver.<init>(ChromeDriver.java:168)
at org.openqa.selenium.chrome.ChromeDriver.<init>(ChromeDriver.java:123)
at com.pracportal.test.ForgetPasswordflow.setup(ForgetPasswordflow.java:67)
at java.base/jdk.internal.reflect.NativeMethodAccessorImpl.invoke0(Native Method)
at java.base/jdk.internal.reflect.NativeMethodAccessorImpl.invoke(NativeMethodAccessorImpl.java:64)
at java.base/jdk.internal.reflect.DelegatingMethodAccessorImpl.invoke(DelegatingMethodAccessorImpl.java:43)
at java.base/java.lang.reflect.Method.invoke(Method.java:564)
at org.testng.internal.MethodInvocationHelper.invokeMethod(MethodInvocationHelper.java:133)
at org.testng.internal.TestInvoker.invokeMethod(TestInvoker.java:598)
at org.testng.internal.TestInvoker.invokeTestMethod(TestInvoker.java:173)
at org.testng.internal.MethodRunner.runInSequence(MethodRunner.java:46)
at org.testng.internal.TestInvoker$MethodInvocationAgent.invoke(TestInvoker.java:824)
at org.testng.internal.TestInvoker.invokeTestMethods(TestInvoker.java:146)
at org.testng.internal.TestMethodWorker.invokeTestMethods(TestMethodWorker.java:146)
at org.testng.internal.TestMethodWorker.run(TestMethodWorker.java:128)
at java.base/java.util.ArrayList.forEach(ArrayList.java:1511)
at org.testng.TestRunner.privateRun(TestRunner.java:794)
at org.testng.TestRunner.run(TestRunner.java:596)
at org.testng.SuiteRunner.runTest(SuiteRunner.java:377)
at org.testng.SuiteRunner.runSequentially(SuiteRunner.java:371)
at org.testng.SuiteRunner.privateRun(SuiteRunner.java:332)
at org.testng.SuiteRunner.run(SuiteRunner.java:276)
at org.testng.SuiteRunnerWorker.runSuite(SuiteRunnerWorker.java:53)
at org.testng.SuiteRunnerWorker.run(SuiteRunnerWorker.java:96)
at org.testng.TestNG.runSuitesSequentially(TestNG.java:1212)
at org.testng.TestNG.runSuitesLocally(TestNG.java:1134)
at org.testng.TestNG.runSuites(TestNG.java:1063)
at org.testng.TestNG.run(TestNG.java:1031)
at org.testng.remote.AbstractRemoteTestNG.run(AbstractRemoteTestNG.java:115)
at org.testng.remote.RemoteTestNG.initAndRun(RemoteTestNG.java:251)
at org.testng.remote.RemoteTestNG.main(RemoteTestNG.java:77)
]]>
    </error>
  </testcase> <!-- setup -->
  <system-out/>
  <testcase classname="com.pracportal.test.ForgetPasswordflow" name="Verifytheforgotpasswordlink" time="6.670"/>
  <system-out/>
  <testcase classname="com.pracportal.test.ForgetPasswordflow" name="verifytheemailaddressfieldwithinvalidemail" time="3.644"/>
  <system-out/>
  <testcase classname="com.pracportal.test.ForgetPasswordflow" name="verifytheemailaddressfieldwithvalidemail" time="9.084"/>
  <system-out/>
  <testcase classname="com.pracportal.test.ForgetPasswordflow" name="VerifytheerrormessageforInvalidOTP" time="2.709"/>
  <system-out/>
  <testcase classname="com.pracportal.test.ForgetPasswordflow" name="VerifytheverificationcodewithinvalidOTPnumber" time="2.652"/>
  <system-out/>
  <testcase classname="com.pracportal.test.ForgetPasswordflow" name="Verifythepaswordandconfirmpasswordfieldswithinvaliddata" time="5.558"/>
  <system-out/>
  <testcase classname="com.pracportal.test.ForgetPasswordflow" name="VerifytheErrormessageformismatchinginpasswords" time="16.341"/>
  <system-out/>
  <testcase classname="com.pracportal.test.ForgetPasswordflow" name="mailinator" time="13.006"/>
  <system-out/>
  <testcase classname="com.pracportal.test.ForgetPasswordflow" name="VerifytheVerificationcodewithvalidOTPnumber" time="7.624"/>
  <system-out/>
  <testcase classname="com.pracportal.test.ForgetPasswordflow" name="Afterresettingthepasswordverifytheloginflowwithnewpassword" time="11.272"/>
  <system-out/>
</testsuite> <!-- com.pracportal.test.ForgetPasswordflow -->
